<?xml version="1.0" encoding="UTF-8"?>
<!-- Generated by org.testng.reporters.JUnitReportReporter -->
<testsuite hostname="LAPTOP-VPRT9U7G" failures="0" tests="2" name="demo.NewTest" time="23.092" errors="0" timestamp="2020-09-27T16:11:53 IST" skipped="0">
  <testcase classname="demo.NewTest" name="f" time="13.902"/>
  <system-out/>
  <testcase classname="demo.NewTest" name="f" time="9.190"/>
  <system-out/>
</testsuite> <!-- demo.NewTest -->
